# JRE version: OpenJDK Runtime Environment (21.0.4) (build 21.0.4+-12508038-b607.1)
# Java VM: OpenJDK 64-Bit Server VM (21.0.4+-12508038-b607.1, mixed mode, tiered, compressed oops, compressed class ptrs, g1 gc, windows-amd64)
GC Precious Log:
 CardTable entry size: 512
 Card Set container configuration: InlinePtr #cards 4 size 8 Array Of Cards #cards 16 size 48 Howl #buckets 8 coarsen threshold 3686 Howl Bitmap #cards 512 size 80 coarsen threshold 460 Card regions per heap region 1 cards per card region 4096
 CPUs: 4 total, 4 available
 Memory: 8089M
 Large Page Support: Disabled
 NUMA Support: Disabled
 Compressed Oops: Enabled (Zero based)
 Heap Region Size: 2M
 Heap Min Capacity: 8M
 Heap Initial Capacity: 128M
 Heap Max Capacity: 4G
 Pre-touch: Disabled
 Parallel Workers: 4
 Concurrent Workers: 1
 Concurrent Refinement Workers: 4
 Periodic GC: Disabled
Heap:
 garbage-first heap   total 901120K, used 501561K [0x0000000700000000, 0x0000000800000000)
  region size 2048K, 8 young (16384K), 8 survivors (16384K)
 Metaspace       used 163407K, committed 166080K, reserved 1245184K
  class space    used 21401K, committed 22720K, reserved 1048576K
GC Heap History (20 events):
Event: 47.448 GC heap after
{Heap after GC invocations=54 (full 0):
 garbage-first heap   total 299008K, used 147393K [0x0000000700000000, 0x0000000800000000)
  region size 2048K, 6 young (12288K), 6 survivors (12288K)
 Metaspace       used 121883K, committed 124096K, reserved 1179648K
  class space    used 15827K, committed 16896K, reserved 1048576K
}
Event: 49.447 GC heap before
{Heap before GC invocations=54 (full 0):
 garbage-first heap   total 299008K, used 294849K [0x0000000700000000, 0x0000000800000000)
  region size 2048K, 65 young (133120K), 6 survivors (12288K)
 Metaspace       used 125380K, committed 127680K, reserved 1179648K
  class space    used 16211K, committed 17280K, reserved 1048576K
}
Event: 49.509 GC heap after
{Heap after GC invocations=55 (full 0):
 garbage-first heap   total 323584K, used 185605K [0x0000000700000000, 0x0000000800000000)
  region size 2048K, 9 young (18432K), 9 survivors (18432K)
 Metaspace       used 125380K, committed 127680K, reserved 1179648K
  class space    used 16211K, committed 17280K, reserved 1048576K
}
Event: 50.329 GC heap before
{Heap before GC invocations=55 (full 0):
 garbage-first heap   total 323584K, used 228613K [0x0000000700000000, 0x0000000800000000)
  region size 2048K, 32 young (65536K), 9 survivors (18432K)
 Metaspace       used 129300K, committed 131520K, reserved 1179648K
  class space    used 16716K, committed 17792K, reserved 1048576K
}
Event: 50.370 GC heap after
{Heap after GC invocations=56 (full 0):
 garbage-first heap   total 323584K, used 192005K [0x0000000700000000, 0x0000000800000000)
  region size 2048K, 4 young (8192K), 4 survivors (8192K)
 Metaspace       used 129300K, committed 131520K, reserved 1179648K
  class space    used 16716K, committed 17792K, reserved 1048576K
}
Event: 50.729 GC heap before
{Heap before GC invocations=56 (full 0):
 garbage-first heap   total 323584K, used 321029K [0x0000000700000000, 0x0000000800000000)
  region size 2048K, 44 young (90112K), 4 survivors (8192K)
 Metaspace       used 130257K, committed 132480K, reserved 1179648K
  class space    used 16836K, committed 17920K, reserved 1048576K
}
Event: 50.762 GC heap after
{Heap after GC invocations=57 (full 0):
 garbage-first heap   total 342016K, used 226593K [0x0000000700000000, 0x0000000800000000)
  region size 2048K, 7 young (14336K), 7 survivors (14336K)
 Metaspace       used 130257K, committed 132480K, reserved 1179648K
  class space    used 16836K, committed 17920K, reserved 1048576K
}
Event: 51.384 GC heap before
{Heap before GC invocations=58 (full 0):
 garbage-first heap   total 423936K, used 328993K [0x0000000700000000, 0x0000000800000000)
  region size 2048K, 45 young (92160K), 7 survivors (14336K)
 Metaspace       used 132373K, committed 134592K, reserved 1179648K
  class space    used 17344K, committed 18432K, reserved 1048576K
}
Event: 51.441 GC heap after
{Heap after GC invocations=59 (full 0):
 garbage-first heap   total 423936K, used 247188K [0x0000000700000000, 0x0000000800000000)
  region size 2048K, 6 young (12288K), 6 survivors (12288K)
 Metaspace       used 132373K, committed 134592K, reserved 1179648K
  class space    used 17344K, committed 18432K, reserved 1048576K
}
Event: 55.073 GC heap before
{Heap before GC invocations=59 (full 0):
 garbage-first heap   total 423936K, used 388500K [0x0000000700000000, 0x0000000800000000)
  region size 2048K, 73 young (149504K), 6 survivors (12288K)
 Metaspace       used 137576K, committed 139904K, reserved 1179648K
  class space    used 18401K, committed 19584K, reserved 1048576K
}
Event: 55.239 GC heap after
{Heap after GC invocations=60 (full 0):
 garbage-first heap   total 901120K, used 296960K [0x0000000700000000, 0x0000000800000000)
  region size 2048K, 10 young (20480K), 10 survivors (20480K)
 Metaspace       used 137576K, committed 139904K, reserved 1179648K
  class space    used 18401K, committed 19584K, reserved 1048576K
}
Event: 58.846 GC heap before
{Heap before GC invocations=60 (full 0):
 garbage-first heap   total 901120K, used 491520K [0x0000000700000000, 0x0000000800000000)
  region size 2048K, 106 young (217088K), 10 survivors (20480K)
 Metaspace       used 137847K, committed 140160K, reserved 1179648K
  class space    used 18417K, committed 19584K, reserved 1048576K
}
Event: 59.136 GC heap after
{Heap after GC invocations=61 (full 0):
 garbage-first heap   total 901120K, used 374784K [0x0000000700000000, 0x0000000800000000)
  region size 2048K, 14 young (28672K), 14 survivors (28672K)
 Metaspace       used 137847K, committed 140160K, reserved 1179648K
  class space    used 18417K, committed 19584K, reserved 1048576K
}
Event: 60.052 GC heap before
{Heap before GC invocations=61 (full 0):
 garbage-first heap   total 901120K, used 522240K [0x0000000700000000, 0x0000000800000000)
  region size 2048K, 87 young (178176K), 14 survivors (28672K)
 Metaspace       used 137849K, committed 140160K, reserved 1179648K
  class space    used 18417K, committed 19584K, reserved 1048576K
}
Event: 60.326 GC heap after
{Heap after GC invocations=62 (full 0):
 garbage-first heap   total 901120K, used 436224K [0x0000000700000000, 0x0000000800000000)
  region size 2048K, 11 young (22528K), 11 survivors (22528K)
 Metaspace       used 137849K, committed 140160K, reserved 1179648K
  class space    used 18417K, committed 19584K, reserved 1048576K
}
Event: 63.032 GC heap before
{Heap before GC invocations=62 (full 0):
 garbage-first heap   total 901120K, used 567296K [0x0000000700000000, 0x0000000800000000)
  region size 2048K, 75 young (153600K), 11 survivors (22528K)
 Metaspace       used 144025K, committed 146304K, reserved 1179648K
  class space    used 19143K, committed 20288K, reserved 1048576K
}
Event: 63.123 GC heap after
{Heap after GC invocations=63 (full 0):
 garbage-first heap   total 901120K, used 463872K [0x0000000700000000, 0x0000000800000000)
  region size 2048K, 10 young (20480K), 10 survivors (20480K)
 Metaspace       used 144025K, committed 146304K, reserved 1179648K
  class space    used 19143K, committed 20288K, reserved 1048576K
}
Event: 65.205 GC heap before
{Heap before GC invocations=63 (full 0):
 garbage-first heap   total 901120K, used 621568K [0x0000000700000000, 0x0000000800000000)
  region size 2048K, 87 young (178176K), 10 survivors (20480K)
 Metaspace       used 153048K, committed 155456K, reserved 1245184K
  class space    used 20194K, committed 21376K, reserved 1048576K
}
Event: 65.285 GC heap after
{Heap after GC invocations=64 (full 0):
 garbage-first heap   total 901120K, used 482304K [0x0000000700000000, 0x0000000800000000)
  region size 2048K, 9 young (18432K), 9 survivors (18432K)
 Metaspace       used 153048K, committed 155456K, reserved 1245184K
  class space    used 20194K, committed 21376K, reserved 1048576K
}
Event: 67.491 GC heap before
{Heap before GC invocations=64 (full 0):
 garbage-first heap   total 901120K, used 670720K [0x0000000700000000, 0x0000000800000000)
  region size 2048K, 100 young (204800K), 9 survivors (18432K)
 Metaspace       used 163407K, committed 166080K, reserved 1245184K
  class space    used 21401K, committed 22720K, reserved 1048576K
}

