# JRE version: OpenJDK Runtime Environment (21.0.4) (build 21.0.4+-12508038-b607.1)
# Java VM: OpenJDK 64-Bit Server VM (21.0.4+-12508038-b607.1, mixed mode, tiered, compressed oops, compressed class ptrs, g1 gc, windows-amd64)
GC Precious Log:
 CardTable entry size: 512
 Card Set container configuration: InlinePtr #cards 4 size 8 Array Of Cards #cards 16 size 48 Howl #buckets 8 coarsen threshold 3686 Howl Bitmap #cards 512 size 80 coarsen threshold 460 Card regions per heap region 1 cards per card region 4096
 CPUs: 4 total, 4 available
 Memory: 8089M
 Large Page Support: Disabled
 NUMA Support: Disabled
 Compressed Oops: Enabled (Zero based)
 Heap Region Size: 2M
 Heap Min Capacity: 8M
 Heap Initial Capacity: 128M
 Heap Max Capacity: 4G
 Pre-touch: Disabled
 Parallel Workers: 4
 Concurrent Workers: 1
 Concurrent Refinement Workers: 4
 Periodic GC: Disabled
Heap:
 garbage-first heap   total 776192K, used 524544K [0x0000000700000000, 0x0000000800000000)
  region size 2048K, 12 young (24576K), 12 survivors (24576K)
 Metaspace       used 207356K, committed 210240K, reserved 1245184K
  class space    used 26653K, committed 28096K, reserved 1048576K
GC Heap History (20 events):
Event: 176.819 GC heap after
{Heap after GC invocations=69 (full 0):
 garbage-first heap   total 331776K, used 210215K [0x0000000700000000, 0x0000000800000000)
  region size 2048K, 7 young (14336K), 7 survivors (14336K)
 Metaspace       used 175752K, committed 178304K, reserved 1245184K
  class space    used 22565K, committed 23808K, reserved 1048576K
}
Event: 177.713 GC heap before
{Heap before GC invocations=70 (full 0):
 garbage-first heap   total 362496K, used 359719K [0x0000000700000000, 0x0000000800000000)
  region size 2048K, 32 young (65536K), 7 survivors (14336K)
 Metaspace       used 178933K, committed 181504K, reserved 1245184K
  class space    used 23460K, committed 24768K, reserved 1048576K
}
Event: 177.737 GC heap after
{Heap after GC invocations=71 (full 0):
 garbage-first heap   total 387072K, used 272520K [0x0000000700000000, 0x0000000800000000)
  region size 2048K, 5 young (10240K), 5 survivors (10240K)
 Metaspace       used 178933K, committed 181504K, reserved 1245184K
  class space    used 23460K, committed 24768K, reserved 1048576K
}
Event: 178.342 GC heap before
{Heap before GC invocations=71 (full 0):
 garbage-first heap   total 387072K, used 352392K [0x0000000700000000, 0x0000000800000000)
  region size 2048K, 45 young (92160K), 5 survivors (10240K)
 Metaspace       used 180660K, committed 183168K, reserved 1245184K
  class space    used 23652K, committed 24896K, reserved 1048576K
}
Event: 178.410 GC heap after
{Heap after GC invocations=72 (full 0):
 garbage-first heap   total 395264K, used 291370K [0x0000000700000000, 0x0000000800000000)
  region size 2048K, 6 young (12288K), 6 survivors (12288K)
 Metaspace       used 180660K, committed 183168K, reserved 1245184K
  class space    used 23652K, committed 24896K, reserved 1048576K
}
Event: 178.523 GC heap before
{Heap before GC invocations=72 (full 0):
 garbage-first heap   total 395264K, used 311850K [0x0000000700000000, 0x0000000800000000)
  region size 2048K, 17 young (34816K), 6 survivors (12288K)
 Metaspace       used 180671K, committed 183168K, reserved 1245184K
  class space    used 23652K, committed 24896K, reserved 1048576K
}
Event: 178.562 GC heap after
{Heap after GC invocations=73 (full 0):
 garbage-first heap   total 720896K, used 298256K [0x0000000700000000, 0x0000000800000000)
  region size 2048K, 3 young (6144K), 3 survivors (6144K)
 Metaspace       used 180671K, committed 183168K, reserved 1245184K
  class space    used 23652K, committed 24896K, reserved 1048576K
}
Event: 178.712 GC heap before
{Heap before GC invocations=73 (full 0):
 garbage-first heap   total 720896K, used 337168K [0x0000000700000000, 0x0000000800000000)
  region size 2048K, 22 young (45056K), 3 survivors (6144K)
 Metaspace       used 180690K, committed 183232K, reserved 1245184K
  class space    used 23652K, committed 24896K, reserved 1048576K
}
Event: 178.779 GC heap after
{Heap after GC invocations=74 (full 0):
 garbage-first heap   total 720896K, used 311111K [0x0000000700000000, 0x0000000800000000)
  region size 2048K, 8 young (16384K), 8 survivors (16384K)
 Metaspace       used 180690K, committed 183232K, reserved 1245184K
  class space    used 23652K, committed 24896K, reserved 1048576K
}
Event: 183.796 GC heap before
{Heap before GC invocations=75 (full 0):
 garbage-first heap   total 720896K, used 552775K [0x0000000700000000, 0x0000000800000000)
  region size 2048K, 125 young (256000K), 8 survivors (16384K)
 Metaspace       used 181671K, committed 184192K, reserved 1245184K
  class space    used 23842K, committed 25088K, reserved 1048576K
}
Event: 184.005 GC heap after
{Heap after GC invocations=76 (full 0):
 garbage-first heap   total 720896K, used 379904K [0x0000000700000000, 0x0000000800000000)
  region size 2048K, 16 young (32768K), 16 survivors (32768K)
 Metaspace       used 181671K, committed 184192K, reserved 1245184K
  class space    used 23842K, committed 25088K, reserved 1048576K
}
Event: 184.934 GC heap before
{Heap before GC invocations=76 (full 0):
 garbage-first heap   total 720896K, used 529408K [0x0000000700000000, 0x0000000800000000)
  region size 2048K, 89 young (182272K), 16 survivors (32768K)
 Metaspace       used 183277K, committed 185856K, reserved 1245184K
  class space    used 24004K, committed 25280K, reserved 1048576K
}
Event: 185.241 GC heap after
{Heap after GC invocations=77 (full 0):
 garbage-first heap   total 720896K, used 454656K [0x0000000700000000, 0x0000000800000000)
  region size 2048K, 12 young (24576K), 12 survivors (24576K)
 Metaspace       used 183277K, committed 185856K, reserved 1245184K
  class space    used 24004K, committed 25280K, reserved 1048576K
}
Event: 188.521 GC heap before
{Heap before GC invocations=77 (full 0):
 garbage-first heap   total 720896K, used 573440K [0x0000000700000000, 0x0000000800000000)
  region size 2048K, 71 young (145408K), 12 survivors (24576K)
 Metaspace       used 187117K, committed 189568K, reserved 1245184K
  class space    used 24365K, committed 25600K, reserved 1048576K
}
Event: 188.648 GC heap after
{Heap after GC invocations=78 (full 0):
 garbage-first heap   total 720896K, used 490496K [0x0000000700000000, 0x0000000800000000)
  region size 2048K, 9 young (18432K), 9 survivors (18432K)
 Metaspace       used 187117K, committed 189568K, reserved 1245184K
  class space    used 24365K, committed 25600K, reserved 1048576K
}
Event: 191.734 GC heap before
{Heap before GC invocations=78 (full 0):
 garbage-first heap   total 776192K, used 582656K [0x0000000700000000, 0x0000000800000000)
  region size 2048K, 67 young (137216K), 9 survivors (18432K)
 Metaspace       used 193908K, committed 196544K, reserved 1245184K
  class space    used 25130K, committed 26432K, reserved 1048576K
}
Event: 191.823 GC heap after
{Heap after GC invocations=79 (full 0):
 garbage-first heap   total 776192K, used 480256K [0x0000000700000000, 0x0000000800000000)
  region size 2048K, 9 young (18432K), 9 survivors (18432K)
 Metaspace       used 193908K, committed 196544K, reserved 1245184K
  class space    used 25130K, committed 26432K, reserved 1048576K
}
Event: 193.151 GC heap before
{Heap before GC invocations=80 (full 0):
 garbage-first heap   total 776192K, used 625664K [0x0000000700000000, 0x0000000800000000)
  region size 2048K, 81 young (165888K), 9 survivors (18432K)
 Metaspace       used 200107K, committed 203072K, reserved 1245184K
  class space    used 25841K, committed 27328K, reserved 1048576K
}
Event: 193.221 GC heap after
{Heap after GC invocations=81 (full 0):
 garbage-first heap   total 776192K, used 491520K [0x0000000700000000, 0x0000000800000000)
  region size 2048K, 6 young (12288K), 6 survivors (12288K)
 Metaspace       used 200107K, committed 203072K, reserved 1245184K
  class space    used 25841K, committed 27328K, reserved 1048576K
}
Event: 197.368 GC heap before
{Heap before GC invocations=81 (full 0):
 garbage-first heap   total 776192K, used 679936K [0x0000000700000000, 0x0000000800000000)
  region size 2048K, 89 young (182272K), 6 survivors (12288K)
 Metaspace       used 207356K, committed 210240K, reserved 1245184K
  class space    used 26653K, committed 28096K, reserved 1048576K
}

